<?xml version="1.0" encoding="UTF-8"?>
<!-- Generated by org.testng.reporters.JUnitXMLReporter -->
<testsuite hostname="DESKTOP-PLKSCN4" ignored="0" name="test_01" tests="1" failures="1" timestamp="06 Oct 2022 01:48:17 GMT" time="49.808" errors="0">
  <testcase name="adactinHotelBook" time="49.566" classname="com.adactine.HotelBooking">
    <failure type="java.lang.NullPointerException">
      <![CDATA[java.lang.NullPointerException
at com.adactine.HotelBooking.adactinHotelBook(HotelBooking.java:18)
... Removed 25 stack frames]]>
    </failure>
  </testcase> <!-- adactinHotelBook -->
</testsuite> <!-- test_01 -->
